Started by user [8mha:////4Jikxv8wZWqGtCE/EHBJViYz1/q5Tns5Q8J+RCYjVWayAAAAmR+LCAAAAAAAAP9b85aBtbiIQTGjNKU4P08vOT+vOD8nVc83PyU1x6OyILUoJzMv2y+/JJUBAhiZGBgqihhk0NSjKDWzXb3RdlLBUSYGJk8GtpzUvPSSDB8G5tKinBIGIZ+sxLJE/ZzEvHT94JKizLx0a6BxUmjGOUNodHsLgAz2EgZe/dLi1CL94pLSlNS8EgDnZMOBwgAAAA==[0mStudent
Running as SYSTEM
Building in workspace /var/jenkins_home/workspace/932_CampeanChereji_Job
The recommended git tool is: NONE
No credentials specified
Cloning the remote Git repository
Cloning repository https://github.com/aalexcampean/SoftwareValidationLabs.git
 > git init /var/jenkins_home/workspace/932_CampeanChereji_Job # timeout=10
Fetching upstream changes from https://github.com/aalexcampean/SoftwareValidationLabs.git
 > git --version # timeout=10
 > git --version # 'git version 2.30.2'
 > git fetch --tags --force --progress -- https://github.com/aalexcampean/SoftwareValidationLabs.git +refs/heads/*:refs/remotes/origin/* # timeout=10
 > git config remote.origin.url https://github.com/aalexcampean/SoftwareValidationLabs.git # timeout=10
 > git config --add remote.origin.fetch +refs/heads/*:refs/remotes/origin/* # timeout=10
Avoid second fetch
 > git rev-parse refs/remotes/origin/main^{commit} # timeout=10
Checking out Revision b5000d614eb503c04bd62ae2a3156610f14bbb63 (refs/remotes/origin/main)
 > git config core.sparsecheckout # timeout=10
 > git checkout -f b5000d614eb503c04bd62ae2a3156610f14bbb63 # timeout=10
Commit message: "changed format"
First time build. Skipping changelog.
[932_CampeanChereji_Job] $ mvn compile
[[1;34mINFO[m] Scanning for projects...
[[1;33mWARNING[m] 
[[1;33mWARNING[m] Some problems were encountered while building the effective model for ssvv.example:lab1:jar:1.0-SNAPSHOT
[[1;33mWARNING[m] 'dependencies.dependency.version' for org.junit.jupiter:junit-jupiter:jar is either LATEST or RELEASE (both of them are being deprecated) @ line 31, column 16
[[1;33mWARNING[m] 
[[1;33mWARNING[m] It is highly recommended to fix these problems because they threaten the stability of your build.
[[1;33mWARNING[m] 
[[1;33mWARNING[m] For this reason, future Maven versions might no longer support building such malformed projects.
[[1;33mWARNING[m] 
[[1;34mINFO[m] 
[[1;34mINFO[m] [1m-------------------------< [0;36mssvv.example:lab1[0;1m >--------------------------[m
[[1;34mINFO[m] [1mBuilding lab1 1.0-SNAPSHOT[m
[[1;34mINFO[m] [1m--------------------------------[ jar ]---------------------------------[m
Downloading from central: https://repo.maven.apache.org/maven2/org/junit/jupiter/junit-jupiter/maven-metadata.xml
Progress (1): 1.4 kB                    Downloaded from central: https://repo.maven.apache.org/maven2/org/junit/jupiter/junit-jupiter/maven-metadata.xml (1.4 kB at 3.8 kB/s)
Downloading from central: https://repo.maven.apache.org/maven2/org/junit/jupiter/junit-jupiter/5.9.2/junit-jupiter-5.9.2.pom
Progress (1): 2.7/3.2 kBProgress (1): 3.2 kB                        Downloaded from central: https://repo.maven.apache.org/maven2/org/junit/jupiter/junit-jupiter/5.9.2/junit-jupiter-5.9.2.pom (3.2 kB at 30 kB/s)
Downloading from central: https://repo.maven.apache.org/maven2/org/junit/junit-bom/5.9.2/junit-bom-5.9.2.pom
Progress (1): 2.7/5.6 kBProgress (1): 5.5/5.6 kBProgress (1): 5.6 kB                        Downloaded from central: https://repo.maven.apache.org/maven2/org/junit/junit-bom/5.9.2/junit-bom-5.9.2.pom (5.6 kB at 49 kB/s)
Downloading from central: https://repo.maven.apache.org/maven2/org/junit/jupiter/junit-jupiter-api/5.9.2/junit-jupiter-api-5.9.2.pom
Progress (1): 2.7/3.2 kBProgress (1): 3.2 kB                        Downloaded from central: https://repo.maven.apache.org/maven2/org/junit/jupiter/junit-jupiter-api/5.9.2/junit-jupiter-api-5.9.2.pom (3.2 kB at 28 kB/s)
Downloading from central: https://repo.maven.apache.org/maven2/org/opentest4j/opentest4j/1.2.0/opentest4j-1.2.0.pom
Progress (1): 1.7 kB                    Downloaded from central: https://repo.maven.apache.org/maven2/org/opentest4j/opentest4j/1.2.0/opentest4j-1.2.0.pom (1.7 kB at 14 kB/s)
Downloading from central: https://repo.maven.apache.org/maven2/org/junit/platform/junit-platform-commons/1.9.2/junit-platform-commons-1.9.2.pom
Progress (1): 2.7/2.8 kBProgress (1): 2.8 kB                        Downloaded from central: https://repo.maven.apache.org/maven2/org/junit/platform/junit-platform-commons/1.9.2/junit-platform-commons-1.9.2.pom (2.8 kB at 25 kB/s)
Downloading from central: https://repo.maven.apache.org/maven2/org/apiguardian/apiguardian-api/1.1.2/apiguardian-api-1.1.2.pom
Progress (1): 1.5 kB                    Downloaded from central: https://repo.maven.apache.org/maven2/org/apiguardian/apiguardian-api/1.1.2/apiguardian-api-1.1.2.pom (1.5 kB at 13 kB/s)
Downloading from central: https://repo.maven.apache.org/maven2/org/junit/jupiter/junit-jupiter-params/5.9.2/junit-jupiter-params-5.9.2.pom
Progress (1): 2.7/3.0 kBProgress (1): 3.0 kB                        Downloaded from central: https://repo.maven.apache.org/maven2/org/junit/jupiter/junit-jupiter-params/5.9.2/junit-jupiter-params-5.9.2.pom (3.0 kB at 27 kB/s)
Downloading from central: https://repo.maven.apache.org/maven2/org/junit/jupiter/junit-jupiter-engine/5.9.2/junit-jupiter-engine-5.9.2.pom
Progress (1): 2.7/3.2 kBProgress (1): 3.2 kB                        Downloaded from central: https://repo.maven.apache.org/maven2/org/junit/jupiter/junit-jupiter-engine/5.9.2/junit-jupiter-engine-5.9.2.pom (3.2 kB at 29 kB/s)
Downloading from central: https://repo.maven.apache.org/maven2/org/junit/platform/junit-platform-engine/1.9.2/junit-platform-engine-1.9.2.pom
Progress (1): 2.7/3.2 kBProgress (1): 3.2 kB                        Downloaded from central: https://repo.maven.apache.org/maven2/org/junit/platform/junit-platform-engine/1.9.2/junit-platform-engine-1.9.2.pom (3.2 kB at 26 kB/s)
[[1;34mINFO[m] 
[[1;34mINFO[m] [1m--- [0;32mmaven-resources-plugin:3.0.2:resources[m [1m(default-resources)[m @ [36mlab1[0;1m ---[m
[[1;34mINFO[m] Using 'UTF-8' encoding to copy filtered resources.
[[1;34mINFO[m] skip non existing resourceDirectory /var/jenkins_home/workspace/932_CampeanChereji_Job/src/main/resources
[[1;34mINFO[m] 
[[1;34mINFO[m] [1m--- [0;32mmaven-compiler-plugin:3.8.0:compile[m [1m(default-compile)[m @ [36mlab1[0;1m ---[m
[[1;34mINFO[m] Changes detected - recompiling the module!
[[1;34mINFO[m] Compiling 25 source files to /var/jenkins_home/workspace/932_CampeanChereji_Job/target/classes
[[1;34mINFO[m] [1m------------------------------------------------------------------------[m
[[1;34mINFO[m] [1;32mBUILD SUCCESS[m
[[1;34mINFO[m] [1m------------------------------------------------------------------------[m
[[1;34mINFO[m] Total time:  4.993 s
[[1;34mINFO[m] Finished at: 2023-03-28T11:51:57Z
[[1;34mINFO[m] [1m------------------------------------------------------------------------[m
Preparing TestLink client API.
Using TestLink URL: http://host.docker.internal:8090/lib/api/xmlrpc/v1/xmlrpc.php

Found 1 automated test cases in TestLink.

Sorting automated test cases by TestLink test plan execution order.

Executing single Build Steps.

Merging build environment variables with data retrieved from TestLink.

[932_CampeanChereji_Job] $ mvn verify
[[1;34mINFO[m] Scanning for projects...
[[1;33mWARNING[m] 
[[1;33mWARNING[m] Some problems were encountered while building the effective model for ssvv.example:lab1:jar:1.0-SNAPSHOT
[[1;33mWARNING[m] 'dependencies.dependency.version' for org.junit.jupiter:junit-jupiter:jar is either LATEST or RELEASE (both of them are being deprecated) @ line 31, column 16
[[1;33mWARNING[m] 
[[1;33mWARNING[m] It is highly recommended to fix these problems because they threaten the stability of your build.
[[1;33mWARNING[m] 
[[1;33mWARNING[m] For this reason, future Maven versions might no longer support building such malformed projects.
[[1;33mWARNING[m] 
[[1;34mINFO[m] 
[[1;34mINFO[m] [1m-------------------------< [0;36mssvv.example:lab1[0;1m >--------------------------[m
[[1;34mINFO[m] [1mBuilding lab1 1.0-SNAPSHOT[m
[[1;34mINFO[m] [1m--------------------------------[ jar ]---------------------------------[m
Downloading from central: https://repo.maven.apache.org/maven2/org/junit/jupiter/junit-jupiter/5.9.2/junit-jupiter-5.9.2.jar
Downloading from central: https://repo.maven.apache.org/maven2/org/apiguardian/apiguardian-api/1.1.2/apiguardian-api-1.1.2.jar
Downloading from central: https://repo.maven.apache.org/maven2/org/junit/jupiter/junit-jupiter-api/5.9.2/junit-jupiter-api-5.9.2.jar
Downloading from central: https://repo.maven.apache.org/maven2/org/junit/platform/junit-platform-commons/1.9.2/junit-platform-commons-1.9.2.jar
Downloading from central: https://repo.maven.apache.org/maven2/org/opentest4j/opentest4j/1.2.0/opentest4j-1.2.0.jar
Progress (1): 2.7/6.8 kBProgress (2): 2.7/6.8 kB | 4.1/208 kBProgress (3): 2.7/6.8 kB | 4.1/208 kB | 4.1/103 kBProgress (4): 2.7/6.8 kB | 4.1/208 kB | 4.1/103 kB | 2.7/7.7 kBProgress (4): 2.7/6.8 kB | 8.2/208 kB | 4.1/103 kB | 2.7/7.7 kBProgress (4): 2.7/6.8 kB | 8.2/208 kB | 8.2/103 kB | 2.7/7.7 kBProgress (5): 2.7/6.8 kB | 8.2/208 kB | 8.2/103 kB | 2.7/7.7 kB | 2.7/6.4 kBProgress (5): 2.7/6.8 kB | 12/208 kB | 8.2/103 kB | 2.7/7.7 kB | 2.7/6.4 kB Progress (5): 2.7/6.8 kB | 12/208 kB | 12/103 kB | 2.7/7.7 kB | 2.7/6.4 kB Progress (5): 5.5/6.8 kB | 12/208 kB | 12/103 kB | 2.7/7.7 kB | 2.7/6.4 kBProgress (5): 5.5/6.8 kB | 16/208 kB | 12/103 kB | 2.7/7.7 kB | 2.7/6.4 kBProgress (5): 5.5/6.8 kB | 16/208 kB | 12/103 kB | 5.5/7.7 kB | 2.7/6.4 kBProgress (5): 5.5/6.8 kB | 16/208 kB | 16/103 kB | 5.5/7.7 kB | 2.7/6.4 kBProgress (5): 5.5/6.8 kB | 16/208 kB | 16/103 kB | 5.5/7.7 kB | 5.5/6.4 kBProgress (5): 6.8 kB | 16/208 kB | 16/103 kB | 5.5/7.7 kB | 5.5/6.4 kB    Progress (5): 6.8 kB | 16/208 kB | 16/103 kB | 5.5/7.7 kB | 6.4 kB    Progress (5): 6.8 kB | 16/208 kB | 16/103 kB | 7.7 kB | 6.4 kB    Progress (5): 6.8 kB | 20/208 kB | 16/103 kB | 7.7 kB | 6.4 kBProgress (5): 6.8 kB | 20/208 kB | 20/103 kB | 7.7 kB | 6.4 kBProgress (5): 6.8 kB | 25/208 kB | 20/103 kB | 7.7 kB | 6.4 kBProgress (5): 6.8 kB | 29/208 kB | 20/103 kB | 7.7 kB | 6.4 kBProgress (5): 6.8 kB | 29/208 kB | 25/103 kB | 7.7 kB | 6.4 kBProgress (5): 6.8 kB | 33/208 kB | 25/103 kB | 7.7 kB | 6.4 kBProgress (5): 6.8 kB | 33/208 kB | 29/103 kB | 7.7 kB | 6.4 kBProgress (5): 6.8 kB | 37/208 kB | 29/103 kB | 7.7 kB | 6.4 kBProgress (5): 6.8 kB | 37/208 kB | 33/103 kB | 7.7 kB | 6.4 kBProgress (5): 6.8 kB | 41/208 kB | 33/103 kB | 7.7 kB | 6.4 kBProgress (5): 6.8 kB | 45/208 kB | 33/103 kB | 7.7 kB | 6.4 kBProgress (5): 6.8 kB | 49/208 kB | 33/103 kB | 7.7 kB | 6.4 kBProgress (5): 6.8 kB | 53/208 kB | 33/103 kB | 7.7 kB | 6.4 kBProgress (5): 6.8 kB | 53/208 kB | 37/103 kB | 7.7 kB | 6.4 kBProgress (5): 6.8 kB | 57/208 kB | 37/103 kB | 7.7 kB | 6.4 kBProgress (5): 6.8 kB | 61/208 kB | 37/103 kB | 7.7 kB | 6.4 kBProgress (5): 6.8 kB | 61/208 kB | 41/103 kB | 7.7 kB | 6.4 kBProgress (5): 6.8 kB | 66/208 kB | 41/103 kB | 7.7 kB | 6.4 kBProgress (5): 6.8 kB | 66/208 kB | 45/103 kB | 7.7 kB | 6.4 kBProgress (5): 6.8 kB | 70/208 kB | 45/103 kB | 7.7 kB | 6.4 kBProgress (5): 6.8 kB | 70/208 kB | 49/103 kB | 7.7 kB | 6.4 kBProgress (5): 6.8 kB | 74/208 kB | 49/103 kB | 7.7 kB | 6.4 kBProgress (5): 6.8 kB | 74/208 kB | 53/103 kB | 7.7 kB | 6.4 kBProgress (5): 6.8 kB | 78/208 kB | 53/103 kB | 7.7 kB | 6.4 kBProgress (5): 6.8 kB | 78/208 kB | 57/103 kB | 7.7 kB | 6.4 kBProgress (5): 6.8 kB | 82/208 kB | 57/103 kB | 7.7 kB | 6.4 kBProgress (5): 6.8 kB | 82/208 kB | 61/103 kB | 7.7 kB | 6.4 kBProgress (5): 6.8 kB | 86/208 kB | 61/103 kB | 7.7 kB | 6.4 kBProgress (5): 6.8 kB | 90/208 kB | 61/103 kB | 7.7 kB | 6.4 kBProgress (5): 6.8 kB | 90/208 kB | 66/103 kB | 7.7 kB | 6.4 kBProgress (5): 6.8 kB | 94/208 kB | 66/103 kB | 7.7 kB | 6.4 kBProgress (5): 6.8 kB | 94/208 kB | 70/103 kB | 7.7 kB | 6.4 kBProgress (5): 6.8 kB | 98/208 kB | 70/103 kB | 7.7 kB | 6.4 kBProgress (5): 6.8 kB | 98/208 kB | 74/103 kB | 7.7 kB | 6.4 kBProgress (5): 6.8 kB | 102/208 kB | 74/103 kB | 7.7 kB | 6.4 kBProgress (5): 6.8 kB | 102/208 kB | 78/103 kB | 7.7 kB | 6.4 kBProgress (5): 6.8 kB | 106/208 kB | 78/103 kB | 7.7 kB | 6.4 kBProgress (5): 6.8 kB | 106/208 kB | 82/103 kB | 7.7 kB | 6.4 kBProgress (5): 6.8 kB | 111/208 kB | 82/103 kB | 7.7 kB | 6.4 kBProgress (5): 6.8 kB | 115/208 kB | 82/103 kB | 7.7 kB | 6.4 kBProgress (5): 6.8 kB | 115/208 kB | 86/103 kB | 7.7 kB | 6.4 kBProgress (5): 6.8 kB | 119/208 kB | 86/103 kB | 7.7 kB | 6.4 kBProgress (5): 6.8 kB | 119/208 kB | 90/103 kB | 7.7 kB | 6.4 kBProgress (5): 6.8 kB | 123/208 kB | 90/103 kB | 7.7 kB | 6.4 kBProgress (5): 6.8 kB | 123/208 kB | 94/103 kB | 7.7 kB | 6.4 kBProgress (5): 6.8 kB | 127/208 kB | 94/103 kB | 7.7 kB | 6.4 kBProgress (5): 6.8 kB | 127/208 kB | 98/103 kB | 7.7 kB | 6.4 kBProgress (5): 6.8 kB | 131/208 kB | 98/103 kB | 7.7 kB | 6.4 kBProgress (5): 6.8 kB | 131/208 kB | 102/103 kB | 7.7 kB | 6.4 kBProgress (5): 6.8 kB | 135/208 kB | 102/103 kB | 7.7 kB | 6.4 kBProgress (5): 6.8 kB | 135/208 kB | 103 kB | 7.7 kB | 6.4 kB    Progress (5): 6.8 kB | 139/208 kB | 103 kB | 7.7 kB | 6.4 kBProgress (5): 6.8 kB | 143/208 kB | 103 kB | 7.7 kB | 6.4 kBProgress (5): 6.8 kB | 147/208 kB | 103 kB | 7.7 kB | 6.4 kB                                                            Downloaded from central: https://repo.maven.apache.org/maven2/org/apiguardian/apiguardian-api/1.1.2/apiguardian-api-1.1.2.jar (6.8 kB at 15 kB/s)
Progress (4): 152/208 kB | 103 kB | 7.7 kB | 6.4 kB                                                   Downloaded from central: https://repo.maven.apache.org/maven2/org/opentest4j/opentest4j/1.2.0/opentest4j-1.2.0.jar (7.7 kB at 17 kB/s)
Downloading from central: https://repo.maven.apache.org/maven2/org/junit/jupiter/junit-jupiter-engine/5.9.2/junit-jupiter-engine-5.9.2.jar
Downloading from central: https://repo.maven.apache.org/maven2/org/junit/jupiter/junit-jupiter-params/5.9.2/junit-jupiter-params-5.9.2.jar
Progress (3): 156/208 kB | 103 kB | 6.4 kBProgress (3): 160/208 kB | 103 kB | 6.4 kB                                          Downloaded from central: https://repo.maven.apache.org/maven2/org/junit/jupiter/junit-jupiter/5.9.2/junit-jupiter-5.9.2.jar (6.4 kB at 13 kB/s)
Downloading from central: https://repo.maven.apache.org/maven2/org/junit/platform/junit-platform-engine/1.9.2/junit-platform-engine-1.9.2.jar
Progress (2): 164/208 kB | 103 kBProgress (2): 168/208 kB | 103 kBProgress (2): 172/208 kB | 103 kBProgress (2): 176/208 kB | 103 kBProgress (2): 180/208 kB | 103 kBProgress (2): 184/208 kB | 103 kBProgress (2): 188/208 kB | 103 kBProgress (2): 193/208 kB | 103 kBProgress (2): 197/208 kB | 103 kBProgress (2): 201/208 kB | 103 kBProgress (2): 205/208 kB | 103 kBProgress (2): 208 kB | 103 kB                                 Downloaded from central: https://repo.maven.apache.org/maven2/org/junit/platform/junit-platform-commons/1.9.2/junit-platform-commons-1.9.2.jar (103 kB at 204 kB/s)
Progress (2): 208 kB | 2.7/247 kBProgress (3): 208 kB | 2.7/247 kB | 2.7/189 kBProgress (3): 208 kB | 5.5/247 kB | 2.7/189 kBProgress (3): 208 kB | 5.5/247 kB | 5.5/189 kBProgress (3): 208 kB | 8.2/247 kB | 5.5/189 kBProgress (3): 208 kB | 8.2/247 kB | 8.2/189 kBProgress (3): 208 kB | 8.2/247 kB | 11/189 kB Progress (3): 208 kB | 11/247 kB | 11/189 kB Progress (3): 208 kB | 11/247 kB | 14/189 kBProgress (4): 208 kB | 11/247 kB | 14/189 kB | 4.1/580 kBProgress (4): 208 kB | 14/247 kB | 14/189 kB | 4.1/580 kBProgress (4): 208 kB | 14/247 kB | 16/189 kB | 4.1/580 kBProgress (4): 208 kB | 14/247 kB | 16/189 kB | 8.2/580 kBProgress (4): 208 kB | 16/247 kB | 16/189 kB | 8.2/580 kBProgress (4): 208 kB | 16/247 kB | 16/189 kB | 12/580 kB Progress (4): 208 kB | 16/247 kB | 16/189 kB | 16/580 kBProgress (4): 208 kB | 20/247 kB | 16/189 kB | 16/580 kBProgress (4): 208 kB | 24/247 kB | 16/189 kB | 16/580 kBProgress (4): 208 kB | 24/247 kB | 20/189 kB | 16/580 kBProgress (4): 208 kB | 28/247 kB | 20/189 kB | 16/580 kBProgress (4): 208 kB | 28/247 kB | 24/189 kB | 16/580 kBProgress (4): 208 kB | 32/247 kB | 24/189 kB | 16/580 kBProgress (4): 208 kB | 32/247 kB | 24/189 kB | 20/580 kBProgress (4): 208 kB | 32/247 kB | 28/189 kB | 20/580 kBProgress (4): 208 kB | 36/247 kB | 28/189 kB | 20/580 kBProgress (4): 208 kB | 36/247 kB | 28/189 kB | 25/580 kBProgress (4): 208 kB | 36/247 kB | 32/189 kB | 25/580 kBProgress (4): 208 kB | 40/247 kB | 32/189 kB | 25/580 kBProgress (4): 208 kB | 40/247 kB | 32/189 kB | 29/580 kBProgress (4): 208 kB | 40/247 kB | 32/189 kB | 33/580 kBProgress (4): 208 kB | 40/247 kB | 36/189 kB | 33/580 kBProgress (4): 208 kB | 45/247 kB | 36/189 kB | 33/580 kBProgress (4): 208 kB | 49/247 kB | 36/189 kB | 33/580 kBProgress (4): 208 kB | 49/247 kB | 40/189 kB | 33/580 kBProgress (4): 208 kB | 49/247 kB | 44/189 kB | 33/580 kBProgress (4): 208 kB | 53/247 kB | 44/189 kB | 33/580 kBProgress (4): 208 kB | 53/247 kB | 44/189 kB | 37/580 kBProgress (4): 208 kB | 53/247 kB | 49/189 kB | 37/580 kBProgress (4): 208 kB | 57/247 kB | 49/189 kB | 37/580 kBProgress (4): 208 kB | 57/247 kB | 49/189 kB | 41/580 kBProgress (4): 208 kB | 57/247 kB | 49/189 kB | 45/580 kBProgress (4): 208 kB | 61/247 kB | 49/189 kB | 45/580 kBProgress (4): 208 kB | 61/247 kB | 53/189 kB | 45/580 kB                                                        Downloaded from central: https://repo.maven.apache.org/maven2/org/junit/jupiter/junit-jupiter-api/5.9.2/junit-jupiter-api-5.9.2.jar (208 kB at 371 kB/s)
Progress (3): 61/247 kB | 53/189 kB | 49/580 kBProgress (3): 61/247 kB | 57/189 kB | 49/580 kBProgress (3): 65/247 kB | 57/189 kB | 49/580 kBProgress (3): 65/247 kB | 57/189 kB | 53/580 kBProgress (3): 65/247 kB | 61/189 kB | 53/580 kBProgress (3): 65/247 kB | 61/189 kB | 57/580 kBProgress (3): 69/247 kB | 61/189 kB | 57/580 kBProgress (3): 69/247 kB | 61/189 kB | 61/580 kBProgress (3): 69/247 kB | 65/189 kB | 61/580 kBProgress (3): 73/247 kB | 65/189 kB | 61/580 kBProgress (3): 73/247 kB | 69/189 kB | 61/580 kBProgress (3): 73/247 kB | 69/189 kB | 66/580 kBProgress (3): 77/247 kB | 69/189 kB | 66/580 kBProgress (3): 77/247 kB | 69/189 kB | 70/580 kBProgress (3): 77/247 kB | 73/189 kB | 70/580 kBProgress (3): 81/247 kB | 73/189 kB | 70/580 kBProgress (3): 81/247 kB | 73/189 kB | 74/580 kBProgress (3): 81/247 kB | 77/189 kB | 74/580 kBProgress (3): 81/247 kB | 77/189 kB | 78/580 kBProgress (3): 81/247 kB | 81/189 kB | 78/580 kBProgress (3): 85/247 kB | 81/189 kB | 78/580 kBProgress (3): 85/247 kB | 85/189 kB | 78/580 kBProgress (3): 85/247 kB | 85/189 kB | 82/580 kBProgress (3): 85/247 kB | 90/189 kB | 82/580 kBProgress (3): 90/247 kB | 90/189 kB | 82/580 kBProgress (3): 90/247 kB | 94/189 kB | 82/580 kBProgress (3): 90/247 kB | 94/189 kB | 86/580 kBProgress (3): 94/247 kB | 94/189 kB | 86/580 kBProgress (3): 94/247 kB | 94/189 kB | 90/580 kBProgress (3): 94/247 kB | 98/189 kB | 90/580 kBProgress (3): 94/247 kB | 98/189 kB | 94/580 kBProgress (3): 94/247 kB | 102/189 kB | 94/580 kBProgress (3): 98/247 kB | 102/189 kB | 94/580 kBProgress (3): 98/247 kB | 102/189 kB | 98/580 kBProgress (3): 98/247 kB | 106/189 kB | 98/580 kBProgress (3): 102/247 kB | 106/189 kB | 98/580 kBProgress (3): 102/247 kB | 106/189 kB | 102/580 kBProgress (3): 102/247 kB | 106/189 kB | 106/580 kBProgress (3): 102/247 kB | 110/189 kB | 106/580 kBProgress (3): 102/247 kB | 110/189 kB | 111/580 kBProgress (3): 106/247 kB | 110/189 kB | 111/580 kBProgress (3): 106/247 kB | 114/189 kB | 111/580 kBProgress (3): 106/247 kB | 114/189 kB | 115/580 kBProgress (3): 106/247 kB | 114/189 kB | 119/580 kBProgress (3): 110/247 kB | 114/189 kB | 119/580 kBProgress (3): 110/247 kB | 118/189 kB | 119/580 kBProgress (3): 110/247 kB | 118/189 kB | 123/580 kBProgress (3): 110/247 kB | 118/189 kB | 127/580 kBProgress (3): 114/247 kB | 118/189 kB | 127/580 kBProgress (3): 114/247 kB | 122/189 kB | 127/580 kBProgress (3): 114/247 kB | 122/189 kB | 131/580 kBProgress (3): 114/247 kB | 122/189 kB | 135/580 kBProgress (3): 118/247 kB | 122/189 kB | 135/580 kBProgress (3): 118/247 kB | 122/189 kB | 139/580 kBProgress (3): 122/247 kB | 122/189 kB | 139/580 kBProgress (3): 122/247 kB | 122/189 kB | 143/580 kBProgress (3): 122/247 kB | 122/189 kB | 147/580 kBProgress (3): 126/247 kB | 122/189 kB | 147/580 kBProgress (3): 126/247 kB | 126/189 kB | 147/580 kBProgress (3): 126/247 kB | 126/189 kB | 152/580 kBProgress (3): 131/247 kB | 126/189 kB | 152/580 kBProgress (3): 131/247 kB | 126/189 kB | 156/580 kBProgress (3): 131/247 kB | 131/189 kB | 156/580 kBProgress (3): 131/247 kB | 131/189 kB | 160/580 kBProgress (3): 135/247 kB | 131/189 kB | 160/580 kBProgress (3): 135/247 kB | 131/189 kB | 164/580 kBProgress (3): 135/247 kB | 131/189 kB | 168/580 kBProgress (3): 139/247 kB | 131/189 kB | 168/580 kBProgress (3): 139/247 kB | 131/189 kB | 172/580 kBProgress (3): 139/247 kB | 131/189 kB | 176/580 kBProgress (3): 143/247 kB | 131/189 kB | 176/580 kBProgress (3): 143/247 kB | 131/189 kB | 180/580 kBProgress (3): 147/247 kB | 131/189 kB | 180/580 kBProgress (3): 147/247 kB | 131/189 kB | 184/580 kBProgress (3): 147/247 kB | 131/189 kB | 188/580 kBProgress (3): 151/247 kB | 131/189 kB | 188/580 kBProgress (3): 151/247 kB | 131/189 kB | 193/580 kBProgress (3): 151/247 kB | 135/189 kB | 193/580 kBProgress (3): 151/247 kB | 135/189 kB | 197/580 kBProgress (3): 155/247 kB | 135/189 kB | 197/580 kBProgress (3): 155/247 kB | 139/189 kB | 197/580 kBProgress (3): 155/247 kB | 139/189 kB | 201/580 kBProgress (3): 159/247 kB | 139/189 kB | 201/580 kBProgress (3): 159/247 kB | 139/189 kB | 205/580 kBProgress (3): 159/247 kB | 143/189 kB | 205/580 kBProgress (3): 159/247 kB | 143/189 kB | 209/580 kBProgress (3): 163/247 kB | 143/189 kB | 209/580 kBProgress (3): 163/247 kB | 143/189 kB | 213/580 kBProgress (3): 163/247 kB | 147/189 kB | 213/580 kBProgress (3): 163/247 kB | 147/189 kB | 217/580 kBProgress (3): 163/247 kB | 147/189 kB | 221/580 kBProgress (3): 167/247 kB | 147/189 kB | 221/580 kBProgress (3): 167/247 kB | 147/189 kB | 225/580 kBProgress (3): 167/247 kB | 147/189 kB | 229/580 kBProgress (3): 167/247 kB | 151/189 kB | 229/580 kBProgress (3): 171/247 kB | 151/189 kB | 229/580 kBProgress (3): 171/247 kB | 151/189 kB | 233/580 kBProgress (3): 171/247 kB | 151/189 kB | 238/580 kBProgress (3): 176/247 kB | 151/189 kB | 238/580 kBProgress (3): 176/247 kB | 155/189 kB | 238/580 kBProgress (3): 176/247 kB | 155/189 kB | 242/580 kBProgress (3): 176/247 kB | 155/189 kB | 246/580 kBProgress (3): 180/247 kB | 155/189 kB | 246/580 kBProgress (3): 180/247 kB | 159/189 kB | 246/580 kBProgress (3): 180/247 kB | 159/189 kB | 250/580 kBProgress (3): 184/247 kB | 159/189 kB | 250/580 kBProgress (3): 184/247 kB | 163/189 kB | 250/580 kBProgress (3): 184/247 kB | 163/189 kB | 254/580 kBProgress (3): 188/247 kB | 163/189 kB | 254/580 kBProgress (3): 188/247 kB | 163/189 kB | 258/580 kBProgress (3): 188/247 kB | 167/189 kB | 258/580 kBProgress (3): 192/247 kB | 167/189 kB | 258/580 kBProgress (3): 192/247 kB | 167/189 kB | 262/580 kBProgress (3): 196/247 kB | 167/189 kB | 262/580 kBProgress (3): 196/247 kB | 171/189 kB | 262/580 kBProgress (3): 196/247 kB | 171/189 kB | 266/580 kBProgress (3): 196/247 kB | 176/189 kB | 266/580 kBProgress (3): 200/247 kB | 176/189 kB | 266/580 kBProgress (3): 200/247 kB | 176/189 kB | 270/580 kBProgress (3): 200/247 kB | 176/189 kB | 274/580 kBProgress (3): 200/247 kB | 180/189 kB | 274/580 kBProgress (3): 204/247 kB | 180/189 kB | 274/580 kBProgress (3): 204/247 kB | 180/189 kB | 279/580 kBProgress (3): 204/247 kB | 180/189 kB | 283/580 kBProgress (3): 208/247 kB | 180/189 kB | 283/580 kBProgress (3): 208/247 kB | 184/189 kB | 283/580 kBProgress (3): 208/247 kB | 184/189 kB | 287/580 kBProgress (3): 208/247 kB | 188/189 kB | 287/580 kBProgress (3): 208/247 kB | 188/189 kB | 291/580 kBProgress (3): 212/247 kB | 188/189 kB | 291/580 kBProgress (3): 212/247 kB | 188/189 kB | 295/580 kBProgress (3): 212/247 kB | 189 kB | 295/580 kB    Progress (3): 217/247 kB | 189 kB | 295/580 kBProgress (3): 217/247 kB | 189 kB | 299/580 kBProgress (3): 217/247 kB | 189 kB | 303/580 kBProgress (3): 221/247 kB | 189 kB | 303/580 kBProgress (3): 221/247 kB | 189 kB | 307/580 kBProgress (3): 221/247 kB | 189 kB | 311/580 kBProgress (3): 225/247 kB | 189 kB | 311/580 kBProgress (3): 225/247 kB | 189 kB | 315/580 kBProgress (3): 229/247 kB | 189 kB | 315/580 kBProgress (3): 229/247 kB | 189 kB | 319/580 kBProgress (3): 233/247 kB | 189 kB | 319/580 kBProgress (3): 233/247 kB | 189 kB | 324/580 kBProgress (3): 237/247 kB | 189 kB | 324/580 kBProgress (3): 237/247 kB | 189 kB | 328/580 kBProgress (3): 241/247 kB | 189 kB | 328/580 kBProgress (3): 241/247 kB | 189 kB | 332/580 kBProgress (3): 241/247 kB | 189 kB | 336/580 kBProgress (3): 245/247 kB | 189 kB | 336/580 kBProgress (3): 245/247 kB | 189 kB | 340/580 kBProgress (3): 245/247 kB | 189 kB | 344/580 kBProgress (3): 247 kB | 189 kB | 344/580 kB    Progress (3): 247 kB | 189 kB | 348/580 kBProgress (3): 247 kB | 189 kB | 352/580 kBProgress (3): 247 kB | 189 kB | 356/580 kBProgress (3): 247 kB | 189 kB | 360/580 kBProgress (3): 247 kB | 189 kB | 365/580 kBProgress (3): 247 kB | 189 kB | 369/580 kBProgress (3): 247 kB | 189 kB | 373/580 kBProgress (3): 247 kB | 189 kB | 377/580 kBProgress (3): 247 kB | 189 kB | 381/580 kBProgress (3): 247 kB | 189 kB | 385/580 kBProgress (3): 247 kB | 189 kB | 389/580 kBProgress (3): 247 kB | 189 kB | 393/580 kBProgress (3): 247 kB | 189 kB | 397/580 kBProgress (3): 247 kB | 189 kB | 401/580 kBProgress (3): 247 kB | 189 kB | 406/580 kBProgress (3): 247 kB | 189 kB | 410/580 kBProgress (3): 247 kB | 189 kB | 414/580 kBProgress (3): 247 kB | 189 kB | 418/580 kBProgress (3): 247 kB | 189 kB | 422/580 kBProgress (3): 247 kB | 189 kB | 426/580 kBProgress (3): 247 kB | 189 kB | 430/580 kBProgress (3): 247 kB | 189 kB | 434/580 kBProgress (3): 247 kB | 189 kB | 438/580 kBProgress (3): 247 kB | 189 kB | 442/580 kBProgress (3): 247 kB | 189 kB | 446/580 kBProgress (3): 247 kB | 189 kB | 451/580 kBProgress (3): 247 kB | 189 kB | 455/580 kBProgress (3): 247 kB | 189 kB | 459/580 kBProgress (3): 247 kB | 189 kB | 463/580 kBProgress (3): 247 kB | 189 kB | 467/580 kB                                          Downloaded from central: https://repo.maven.apache.org/maven2/org/junit/platform/junit-platform-engine/1.9.2/junit-platform-engine-1.9.2.jar (189 kB at 256 kB/s)
Progress (2): 247 kB | 471/580 kBProgress (2): 247 kB | 475/580 kBProgress (2): 247 kB | 479/580 kBProgress (2): 247 kB | 483/580 kBProgress (2): 247 kB | 487/580 kBProgress (2): 247 kB | 492/580 kBProgress (2): 247 kB | 496/580 kBProgress (2): 247 kB | 500/580 kBProgress (2): 247 kB | 504/580 kBProgress (2): 247 kB | 508/580 kBProgress (2): 247 kB | 512/580 kBProgress (2): 247 kB | 516/580 kBProgress (2): 247 kB | 520/580 kBProgress (2): 247 kB | 524/580 kBProgress (2): 247 kB | 528/580 kBProgress (2): 247 kB | 532/580 kB                                 Downloaded from central: https://repo.maven.apache.org/maven2/org/junit/jupiter/junit-jupiter-engine/5.9.2/junit-jupiter-engine-5.9.2.jar (247 kB at 322 kB/s)
Progress (1): 537/580 kBProgress (1): 541/580 kBProgress (1): 545/580 kBProgress (1): 549/580 kBProgress (1): 553/580 kBProgress (1): 557/580 kBProgress (1): 561/580 kBProgress (1): 565/580 kBProgress (1): 569/580 kBProgress (1): 573/580 kBProgress (1): 578/580 kBProgress (1): 580 kB                        Downloaded from central: https://repo.maven.apache.org/maven2/org/junit/jupiter/junit-jupiter-params/5.9.2/junit-jupiter-params-5.9.2.jar (580 kB at 687 kB/s)
[[1;34mINFO[m] 
[[1;34mINFO[m] [1m--- [0;32mmaven-resources-plugin:3.0.2:resources[m [1m(default-resources)[m @ [36mlab1[0;1m ---[m
[[1;34mINFO[m] Using 'UTF-8' encoding to copy filtered resources.
[[1;34mINFO[m] skip non existing resourceDirectory /var/jenkins_home/workspace/932_CampeanChereji_Job/src/main/resources
[[1;34mINFO[m] 
[[1;34mINFO[m] [1m--- [0;32mmaven-compiler-plugin:3.8.0:compile[m [1m(default-compile)[m @ [36mlab1[0;1m ---[m
[[1;34mINFO[m] Nothing to compile - all classes are up to date
[[1;34mINFO[m] 
[[1;34mINFO[m] [1m--- [0;32mmaven-resources-plugin:3.0.2:testResources[m [1m(default-testResources)[m @ [36mlab1[0;1m ---[m
[[1;34mINFO[m] Using 'UTF-8' encoding to copy filtered resources.
[[1;34mINFO[m] skip non existing resourceDirectory /var/jenkins_home/workspace/932_CampeanChereji_Job/src/test/resources
[[1;34mINFO[m] 
[[1;34mINFO[m] [1m--- [0;32mmaven-compiler-plugin:3.8.0:testCompile[m [1m(default-testCompile)[m @ [36mlab1[0;1m ---[m
[[1;34mINFO[m] Changes detected - recompiling the module!
[[1;34mINFO[m] Compiling 2 source files to /var/jenkins_home/workspace/932_CampeanChereji_Job/target/test-classes
[[1;34mINFO[m] 
[[1;34mINFO[m] [1m--- [0;32mmaven-surefire-plugin:2.22.1:test[m [1m(default-test)[m @ [36mlab1[0;1m ---[m
Downloading from central: https://repo.maven.apache.org/maven2/org/apache/maven/surefire/surefire-junit-platform/2.22.1/surefire-junit-platform-2.22.1.pom
Progress (1): 4.1/7.0 kBProgress (1): 7.0 kB                        Downloaded from central: https://repo.maven.apache.org/maven2/org/apache/maven/surefire/surefire-junit-platform/2.22.1/surefire-junit-platform-2.22.1.pom (7.0 kB at 51 kB/s)
Downloading from central: https://repo.maven.apache.org/maven2/org/junit/platform/junit-platform-launcher/1.3.1/junit-platform-launcher-1.3.1.pom
Progress (1): 2.2 kB                    Downloaded from central: https://repo.maven.apache.org/maven2/org/junit/platform/junit-platform-launcher/1.3.1/junit-platform-launcher-1.3.1.pom (2.2 kB at 17 kB/s)
Downloading from central: https://repo.maven.apache.org/maven2/org/apiguardian/apiguardian-api/1.0.0/apiguardian-api-1.0.0.pom
Progress (1): 1.2 kB                    Downloaded from central: https://repo.maven.apache.org/maven2/org/apiguardian/apiguardian-api/1.0.0/apiguardian-api-1.0.0.pom (1.2 kB at 9.6 kB/s)
Downloading from central: https://repo.maven.apache.org/maven2/org/junit/platform/junit-platform-engine/1.3.1/junit-platform-engine-1.3.1.pom
Progress (1): 2.4 kB                    Downloaded from central: https://repo.maven.apache.org/maven2/org/junit/platform/junit-platform-engine/1.3.1/junit-platform-engine-1.3.1.pom (2.4 kB at 17 kB/s)
Downloading from central: https://repo.maven.apache.org/maven2/org/junit/platform/junit-platform-commons/1.3.1/junit-platform-commons-1.3.1.pom
Progress (1): 2.0 kB                    Downloaded from central: https://repo.maven.apache.org/maven2/org/junit/platform/junit-platform-commons/1.3.1/junit-platform-commons-1.3.1.pom (2.0 kB at 16 kB/s)
Downloading from central: https://repo.maven.apache.org/maven2/org/opentest4j/opentest4j/1.1.1/opentest4j-1.1.1.pom
Progress (1): 1.7 kB                    Downloaded from central: https://repo.maven.apache.org/maven2/org/opentest4j/opentest4j/1.1.1/opentest4j-1.1.1.pom (1.7 kB at 14 kB/s)
Downloading from central: https://repo.maven.apache.org/maven2/org/junit/platform/junit-platform-commons/1.3.1/junit-platform-commons-1.3.1.jar
Downloading from central: https://repo.maven.apache.org/maven2/org/apache/maven/surefire/surefire-junit-platform/2.22.1/surefire-junit-platform-2.22.1.jar
Downloading from central: https://repo.maven.apache.org/maven2/org/junit/platform/junit-platform-launcher/1.3.1/junit-platform-launcher-1.3.1.jar
Downloading from central: https://repo.maven.apache.org/maven2/org/apiguardian/apiguardian-api/1.0.0/apiguardian-api-1.0.0.jar
Downloading from central: https://repo.maven.apache.org/maven2/org/junit/platform/junit-platform-engine/1.3.1/junit-platform-engine-1.3.1.jar
Progress (1): 4.1/95 kBProgress (2): 4.1/95 kB | 2.2 kBProgress (3): 4.1/95 kB | 2.2 kB | 4.1/66 kBProgress (4): 4.1/95 kB | 2.2 kB | 4.1/66 kB | 4.1/78 kBProgress (5): 4.1/95 kB | 2.2 kB | 4.1/66 kB | 4.1/78 kB | 4.1/135 kBProgress (5): 8.2/95 kB | 2.2 kB | 4.1/66 kB | 4.1/78 kB | 4.1/135 kBProgress (5): 8.2/95 kB | 2.2 kB | 4.1/66 kB | 8.2/78 kB | 4.1/135 kBProgress (5): 8.2/95 kB | 2.2 kB | 8.2/66 kB | 8.2/78 kB | 4.1/135 kBProgress (5): 12/95 kB | 2.2 kB | 8.2/66 kB | 8.2/78 kB | 4.1/135 kB Progress (5): 12/95 kB | 2.2 kB | 8.2/66 kB | 8.2/78 kB | 8.2/135 kBProgress (5): 12/95 kB | 2.2 kB | 8.2/66 kB | 12/78 kB | 8.2/135 kB Progress (5): 16/95 kB | 2.2 kB | 8.2/66 kB | 12/78 kB | 8.2/135 kBProgress (5): 16/95 kB | 2.2 kB | 12/66 kB | 12/78 kB | 8.2/135 kB Progress (5): 16/95 kB | 2.2 kB | 12/66 kB | 16/78 kB | 8.2/135 kBProgress (5): 20/95 kB | 2.2 kB | 12/66 kB | 16/78 kB | 8.2/135 kBProgress (5): 20/95 kB | 2.2 kB | 12/66 kB | 16/78 kB | 12/135 kB Progress (5): 20/95 kB | 2.2 kB | 16/66 kB | 16/78 kB | 12/135 kBProgress (5): 20/95 kB | 2.2 kB | 16/66 kB | 20/78 kB | 12/135 kBProgress (5): 25/95 kB | 2.2 kB | 16/66 kB | 20/78 kB | 12/135 kBProgress (5): 25/95 kB | 2.2 kB | 16/66 kB | 20/78 kB | 16/135 kBProgress (5): 25/95 kB | 2.2 kB | 20/66 kB | 20/78 kB | 16/135 kBProgress (5): 25/95 kB | 2.2 kB | 20/66 kB | 24/78 kB | 16/135 kBProgress (5): 29/95 kB | 2.2 kB | 20/66 kB | 24/78 kB | 16/135 kBProgress (5): 29/95 kB | 2.2 kB | 20/66 kB | 24/78 kB | 20/135 kBProgress (5): 33/95 kB | 2.2 kB | 20/66 kB | 24/78 kB | 20/135 kBProgress (5): 33/95 kB | 2.2 kB | 24/66 kB | 24/78 kB | 20/135 kBProgress (5): 33/95 kB | 2.2 kB | 24/66 kB | 28/78 kB | 20/135 kBProgress (5): 33/95 kB | 2.2 kB | 24/66 kB | 28/78 kB | 24/135 kBProgress (5): 37/95 kB | 2.2 kB | 24/66 kB | 28/78 kB | 24/135 kBProgress (5): 41/95 kB | 2.2 kB | 24/66 kB | 28/78 kB | 24/135 kBProgress (5): 41/95 kB | 2.2 kB | 28/66 kB | 28/78 kB | 24/135 kBProgress (5): 41/95 kB | 2.2 kB | 28/66 kB | 32/78 kB | 24/135 kBProgress (5): 45/95 kB | 2.2 kB | 28/66 kB | 32/78 kB | 24/135 kBProgress (5): 45/95 kB | 2.2 kB | 28/66 kB | 32/78 kB | 28/135 kBProgress (5): 45/95 kB | 2.2 kB | 32/66 kB | 32/78 kB | 28/135 kBProgress (5): 45/95 kB | 2.2 kB | 32/66 kB | 36/78 kB | 28/135 kBProgress (5): 49/95 kB | 2.2 kB | 32/66 kB | 36/78 kB | 28/135 kBProgress (5): 49/95 kB | 2.2 kB | 32/66 kB | 36/78 kB | 32/135 kBProgress (5): 53/95 kB | 2.2 kB | 32/66 kB | 36/78 kB | 32/135 kBProgress (5): 53/95 kB | 2.2 kB | 36/66 kB | 36/78 kB | 32/135 kBProgress (5): 57/95 kB | 2.2 kB | 36/66 kB | 36/78 kB | 32/135 kBProgress (5): 57/95 kB | 2.2 kB | 36/66 kB | 40/78 kB | 32/135 kBProgress (5): 57/95 kB | 2.2 kB | 36/66 kB | 40/78 kB | 36/135 kBProgress (5): 61/95 kB | 2.2 kB | 36/66 kB | 40/78 kB | 36/135 kBProgress (5): 66/95 kB | 2.2 kB | 36/66 kB | 40/78 kB | 36/135 kBProgress (5): 66/95 kB | 2.2 kB | 36/66 kB | 45/78 kB | 36/135 kBProgress (5): 66/95 kB | 2.2 kB | 40/66 kB | 45/78 kB | 36/135 kBProgress (5): 66/95 kB | 2.2 kB | 40/66 kB | 45/78 kB | 40/135 kBProgress (5): 70/95 kB | 2.2 kB | 40/66 kB | 45/78 kB | 40/135 kBProgress (5): 70/95 kB | 2.2 kB | 40/66 kB | 49/78 kB | 40/135 kBProgress (5): 70/95 kB | 2.2 kB | 45/66 kB | 49/78 kB | 40/135 kBProgress (5): 74/95 kB | 2.2 kB | 45/66 kB | 49/78 kB | 40/135 kBProgress (5): 74/95 kB | 2.2 kB | 45/66 kB | 49/78 kB | 45/135 kBProgress (5): 78/95 kB | 2.2 kB | 45/66 kB | 49/78 kB | 45/135 kBProgress (5): 78/95 kB | 2.2 kB | 45/66 kB | 53/78 kB | 45/135 kBProgress (5): 78/95 kB | 2.2 kB | 49/66 kB | 53/78 kB | 45/135 kBProgress (5): 82/95 kB | 2.2 kB | 49/66 kB | 53/78 kB | 45/135 kBProgress (5): 82/95 kB | 2.2 kB | 49/66 kB | 53/78 kB | 49/135 kBProgress (5): 86/95 kB | 2.2 kB | 49/66 kB | 53/78 kB | 49/135 kBProgress (5): 86/95 kB | 2.2 kB | 49/66 kB | 57/78 kB | 49/135 kBProgress (5): 86/95 kB | 2.2 kB | 49/66 kB | 57/78 kB | 53/135 kBProgress (5): 90/95 kB | 2.2 kB | 49/66 kB | 57/78 kB | 53/135 kBProgress (5): 90/95 kB | 2.2 kB | 53/66 kB | 57/78 kB | 53/135 kBProgress (5): 90/95 kB | 2.2 kB | 53/66 kB | 61/78 kB | 53/135 kBProgress (5): 90/95 kB | 2.2 kB | 53/66 kB | 61/78 kB | 57/135 kBProgress (5): 90/95 kB | 2.2 kB | 53/66 kB | 65/78 kB | 57/135 kBProgress (5): 94/95 kB | 2.2 kB | 53/66 kB | 65/78 kB | 57/135 kBProgress (5): 94/95 kB | 2.2 kB | 57/66 kB | 65/78 kB | 57/135 kBProgress (5): 94/95 kB | 2.2 kB | 57/66 kB | 65/78 kB | 61/135 kBProgress (5): 95 kB | 2.2 kB | 57/66 kB | 65/78 kB | 61/135 kB   Progress (5): 95 kB | 2.2 kB | 61/66 kB | 65/78 kB | 61/135 kBProgress (5): 95 kB | 2.2 kB | 61/66 kB | 65/78 kB | 65/135 kBProgress (5): 95 kB | 2.2 kB | 61/66 kB | 69/78 kB | 65/135 kBProgress (5): 95 kB | 2.2 kB | 65/66 kB | 69/78 kB | 65/135 kBProgress (5): 95 kB | 2.2 kB | 65/66 kB | 69/78 kB | 69/135 kBProgress (5): 95 kB | 2.2 kB | 65/66 kB | 73/78 kB | 69/135 kBProgress (5): 95 kB | 2.2 kB | 66 kB | 73/78 kB | 69/135 kB   Progress (5): 95 kB | 2.2 kB | 66 kB | 73/78 kB | 73/135 kBProgress (5): 95 kB | 2.2 kB | 66 kB | 77/78 kB | 73/135 kBProgress (5): 95 kB | 2.2 kB | 66 kB | 77/78 kB | 77/135 kBProgress (5): 95 kB | 2.2 kB | 66 kB | 78 kB | 77/135 kB   Progress (5): 95 kB | 2.2 kB | 66 kB | 78 kB | 81/135 kBProgress (5): 95 kB | 2.2 kB | 66 kB | 78 kB | 85/135 kBProgress (5): 95 kB | 2.2 kB | 66 kB | 78 kB | 90/135 kBProgress (5): 95 kB | 2.2 kB | 66 kB | 78 kB | 94/135 kBProgress (5): 95 kB | 2.2 kB | 66 kB | 78 kB | 98/135 kBProgress (5): 95 kB | 2.2 kB | 66 kB | 78 kB | 102/135 kBProgress (5): 95 kB | 2.2 kB | 66 kB | 78 kB | 106/135 kB                                                         Downloaded from central: https://repo.maven.apache.org/maven2/org/apiguardian/apiguardian-api/1.0.0/apiguardian-api-1.0.0.jar (2.2 kB at 17 kB/s)
Progress (4): 95 kB | 66 kB | 78 kB | 110/135 kBProgress (4): 95 kB | 66 kB | 78 kB | 114/135 kBProgress (4): 95 kB | 66 kB | 78 kB | 118/135 kBProgress (4): 95 kB | 66 kB | 78 kB | 122/135 kBProgress (4): 95 kB | 66 kB | 78 kB | 126/135 kBProgress (4): 95 kB | 66 kB | 78 kB | 131/135 kBProgress (4): 95 kB | 66 kB | 78 kB | 135/135 kBProgress (4): 95 kB | 66 kB | 78 kB | 135 kB                                                Downloading from central: https://repo.maven.apache.org/maven2/org/opentest4j/opentest4j/1.1.1/opentest4j-1.1.1.jar
Downloaded from central: https://repo.maven.apache.org/maven2/org/junit/platform/junit-platform-launcher/1.3.1/junit-platform-launcher-1.3.1.jar (95 kB at 553 kB/s)
Downloaded from central: https://repo.maven.apache.org/maven2/org/junit/platform/junit-platform-commons/1.3.1/junit-platform-commons-1.3.1.jar (78 kB at 455 kB/s)
Downloaded from central: https://repo.maven.apache.org/maven2/org/apache/maven/surefire/surefire-junit-platform/2.22.1/surefire-junit-platform-2.22.1.jar (66 kB at 379 kB/s)
Progress (2): 135 kB | 4.1/7.1 kBProgress (2): 135 kB | 7.1 kB                                 Downloaded from central: https://repo.maven.apache.org/maven2/org/junit/platform/junit-platform-engine/1.3.1/junit-platform-engine-1.3.1.jar (135 kB at 625 kB/s)
Downloaded from central: https://repo.maven.apache.org/maven2/org/opentest4j/opentest4j/1.1.1/opentest4j-1.1.1.jar (7.1 kB at 65 kB/s)
[[1;34mINFO[m] 
[[1;34mINFO[m] -------------------------------------------------------
[[1;34mINFO[m]  T E S T S
[[1;34mINFO[m] -------------------------------------------------------
[[1;34mINFO[m] 
[[1;34mINFO[m] Results:
[[1;34mINFO[m] 
[[1;34mINFO[m] Tests run: 0, Failures: 0, Errors: 0, Skipped: 0
[[1;34mINFO[m] 
[[1;34mINFO[m] 
[[1;34mINFO[m] [1m--- [0;32mmaven-jar-plugin:3.0.2:jar[m [1m(default-jar)[m @ [36mlab1[0;1m ---[m
[[1;34mINFO[m] Building jar: /var/jenkins_home/workspace/932_CampeanChereji_Job/target/lab1-1.0-SNAPSHOT.jar
[[1;34mINFO[m] [1m------------------------------------------------------------------------[m
[[1;34mINFO[m] [1;32mBUILD SUCCESS[m
[[1;34mINFO[m] [1m------------------------------------------------------------------------[m
[[1;34mINFO[m] Total time:  7.180 s
[[1;34mINFO[m] Finished at: 2023-03-28T11:52:06Z
[[1;34mINFO[m] [1m------------------------------------------------------------------------[m
Merging build environment variables with data retrieved from TestLink.

[932_CampeanChereji_Job] $ /bin/bash /tmp/jenkins4860404824067754766.sh
mv: cannot stat './target/surefire-reports/TEST-.xml': No such file or directory
Executing iterative Build Steps.

Looking for the test results of TestLink test cases.

Looking for test results in JUnit methods by its name.

FATAL: hudson.AbortException: No test report files were found. Configuration error?
hudson.plugins.testlink.result.ResultSeekerException: hudson.AbortException: No test report files were found. Configuration error?
	at hudson.plugins.testlink.result.JUnitMethodNameResultSeeker.seek(JUnitMethodNameResultSeeker.java:112)
	at hudson.plugins.testlink.TestLinkBuilder.perform(TestLinkBuilder.java:260)
	at hudson.tasks.BuildStepMonitor$1.perform(BuildStepMonitor.java:20)
	at hudson.model.AbstractBuild$AbstractBuildExecution.perform(AbstractBuild.java:818)
	at hudson.model.Build$BuildExecution.build(Build.java:199)
	at hudson.model.Build$BuildExecution.doRun(Build.java:164)
	at hudson.model.AbstractBuild$AbstractBuildExecution.run(AbstractBuild.java:526)
	at hudson.model.Run.execute(Run.java:1900)
	at hudson.model.FreeStyleBuild.run(FreeStyleBuild.java:44)
	at hudson.model.ResourceController.execute(ResourceController.java:101)
	at hudson.model.Executor.run(Executor.java:442)
Caused by: hudson.AbortException: No test report files were found. Configuration error?
	at hudson.tasks.junit.JUnitParser$ParseResultCallable.invoke(JUnitParser.java:184)
	at hudson.FilePath.act(FilePath.java:1198)
	at hudson.FilePath.act(FilePath.java:1181)
	at hudson.tasks.junit.JUnitParser.parseResult(JUnitParser.java:118)
	at hudson.tasks.junit.JUnitParser.parseResult(JUnitParser.java:111)
	at hudson.tasks.junit.JUnitParser.parseResult(JUnitParser.java:50)
	at hudson.tasks.test.TestResultParser.parse(TestResultParser.java:157)
	at hudson.tasks.junit.JUnitParser.parse(JUnitParser.java:103)
	at hudson.plugins.testlink.result.JUnitMethodNameResultSeeker.seek(JUnitMethodNameResultSeeker.java:89)
	... 10 more
ERROR: An error occured while trying to retrieve the test results: hudson.AbortException: No test report files were found. Configuration error?
Archiving artifacts
Finished: FAILURE
