<?xml version="1.0" encoding="UTF-8"?>
<testsuite xmlns:xsi="http://www.w3.org/2001/XMLSchema-instance" xsi:noNamespaceSchemaLocation="https://maven.apache.org/surefire/maven-surefire-plugin/xsd/surefire-test-report.xsd" name="ssvv.example.AssignmentsTest" time="0.504" tests="2" errors="0" skipped="0" failures="0">
  <properties>
[...]
</properties>
  <testcase name="addAssignment_givenValidAssignment" classname="ssvv.example.AssignmentsTest" time="0.29"/>
  <testcase name="addAssignment_givenInvalidId" classname="ssvv.example.AssignmentsTest" time="0.026"/>
</testsuite>